<?xml version="1.0" encoding="UTF-8"?>
<testsuite xmlns:xsi="http://www.w3.org/2001/XMLSchema-instance" xsi:noNamespaceSchemaLocation="https://maven.apache.org/surefire/maven-surefire-plugin/xsd/surefire-test-report-3.0.xsd" version="3.0" name="com.ecommerce.usuarios.controller.UsuarioControllerTest" time="6.673" tests="6" errors="0" skipped="0" failures="0">
  <properties>
[...]
</properties>
  <testcase name="criarUsuario_DeveRetornar201" classname="com.ecommerce.usuarios.controller.UsuarioControllerTest" time="0.253">
    <system-out><![CDATA[21:52:33.730 [main] INFO org.springframework.test.context.support.AnnotationConfigContextLoaderUtils -- Could not detect default configuration classes for test class [com.ecommerce.usuarios.controller.UsuarioControllerTest]: UsuarioControllerTest does not declare any static, non-private, non-final, nested classes annotated with @Configuration.
21:52:33.872 [main] INFO org.springframework.boot.test.context.SpringBootTestContextBootstrapper -- Found @SpringBootConfiguration com.ecommerce.usuarios.UsuariosApplication for test class com.ecommerce.usuarios.controller.UsuarioControllerTest
21:52:34.067 [main] INFO org.springframework.boot.devtools.restart.RestartApplicationListener -- Restart disabled due to context in which it is running

  .   ____          _            __ _ _
 /\\ / ___'_ __ _ _(_)_ __  __ _ \ \ \ \
( ( )\___ | '_ | '_| | '_ \/ _` | \ \ \ \
 \\/  ___)| |_)| | | | | || (_| |  ) ) ) )
  '  |____| .__|_| |_|_| |_\__, | / / / /
 =========|_|==============|___/=/_/_/_/
 :: Spring Boot ::                (v3.2.0)

2026-06-25T21:52:34.348-03:00  INFO 14816 --- [usuario-service] [           main] c.e.u.controller.UsuarioControllerTest   : Starting UsuarioControllerTest using Java 17.0.12 with PID 14816 (started by User in C:\Users\User\Desktop\projeto-ecommerce)
2026-06-25T21:52:34.349-03:00 DEBUG 14816 --- [usuario-service] [           main] c.e.u.controller.UsuarioControllerTest   : Running with Spring Boot v3.2.0, Spring v6.1.1
2026-06-25T21:52:34.350-03:00  INFO 14816 --- [usuario-service] [           main] c.e.u.controller.UsuarioControllerTest   : The following 1 profile is active: "test"
2026-06-25T21:52:35.057-03:00  INFO 14816 --- [usuario-service] [           main] .s.d.r.c.RepositoryConfigurationDelegate : Bootstrapping Spring Data JPA repositories in DEFAULT mode.
2026-06-25T21:52:35.108-03:00  INFO 14816 --- [usuario-service] [           main] .s.d.r.c.RepositoryConfigurationDelegate : Finished Spring Data repository scanning in 40 ms. Found 1 JPA repository interface.
2026-06-25T21:52:36.610-03:00  INFO 14816 --- [usuario-service] [           main] o.hibernate.jpa.internal.util.LogHelper  : HHH000204: Processing PersistenceUnitInfo [name: default]
2026-06-25T21:52:36.748-03:00  INFO 14816 --- [usuario-service] [           main] org.hibernate.Version                    : HHH000412: Hibernate ORM core version 6.3.1.Final
2026-06-25T21:52:36.823-03:00  INFO 14816 --- [usuario-service] [           main] o.h.c.internal.RegionFactoryInitiator    : HHH000026: Second-level cache disabled
2026-06-25T21:52:37.017-03:00  INFO 14816 --- [usuario-service] [           main] o.s.o.j.p.SpringPersistenceUnitInfo      : No LoadTimeWeaver setup: ignoring JPA class transformer
2026-06-25T21:52:37.065-03:00  INFO 14816 --- [usuario-service] [           main] com.zaxxer.hikari.HikariDataSource       : HikariPool-1 - Starting...
2026-06-25T21:52:37.507-03:00  INFO 14816 --- [usuario-service] [           main] com.zaxxer.hikari.pool.HikariPool        : HikariPool-1 - Added connection conn0: url=jdbc:h2:mem:testdb user=SA
2026-06-25T21:52:37.509-03:00  INFO 14816 --- [usuario-service] [           main] com.zaxxer.hikari.HikariDataSource       : HikariPool-1 - Start completed.
2026-06-25T21:52:37.549-03:00  WARN 14816 --- [usuario-service] [           main] org.hibernate.dialect.Dialect            : HHH000511: The 2.2.0 version for [org.hibernate.dialect.PostgreSQLDialect] is no longer supported, hence certain features may not work properly. The minimum supported version is 11.0.0. Check the community dialects project for available legacy versions.
2026-06-25T21:52:37.556-03:00  WARN 14816 --- [usuario-service] [           main] org.hibernate.orm.deprecation            : HHH90000025: PostgreSQLDialect does not need to be specified explicitly using 'hibernate.dialect' (remove the property setting and it will be selected by default)
2026-06-25T21:52:38.539-03:00  INFO 14816 --- [usuario-service] [           main] o.h.e.t.j.p.i.JtaPlatformInitiator       : HHH000489: No JTA platform available (set 'hibernate.transaction.jta.platform' to enable JTA platform integration)
2026-06-25T21:52:38.587-03:00  INFO 14816 --- [usuario-service] [           main] j.LocalContainerEntityManagerFactoryBean : Initialized JPA EntityManagerFactory for persistence unit 'default'
2026-06-25T21:52:39.156-03:00  WARN 14816 --- [usuario-service] [           main] JpaBaseConfiguration$JpaWebConfiguration : spring.jpa.open-in-view is enabled by default. Therefore, database queries may be performed during view rendering. Explicitly configure spring.jpa.open-in-view to disable this warning
2026-06-25T21:52:39.473-03:00  INFO 14816 --- [usuario-service] [           main] o.s.s.web.DefaultSecurityFilterChain     : Will secure any request with [org.springframework.security.web.session.DisableEncodeUrlFilter@a35b137, org.springframework.security.web.context.request.async.WebAsyncManagerIntegrationFilter@34cb4bec, org.springframework.security.web.context.SecurityContextHolderFilter@6114a516, org.springframework.security.web.header.HeaderWriterFilter@6e7c539d, org.springframework.security.web.authentication.logout.LogoutFilter@49e3675c, com.ecommerce.usuarios.security.JwtAuthenticationFilter@372cd8fd, org.springframework.security.web.savedrequest.RequestCacheAwareFilter@41df7a0c, org.springframework.security.web.servletapi.SecurityContextHolderAwareRequestFilter@72810bac, org.springframework.security.web.authentication.AnonymousAuthenticationFilter@2ca6b438, org.springframework.security.web.session.SessionManagementFilter@7c8fe8cd, org.springframework.security.web.access.ExceptionTranslationFilter@5f9f94ec, org.springframework.security.web.access.intercept.AuthorizationFilter@45384c1]
2026-06-25T21:52:39.863-03:00 DEBUG 14816 --- [usuario-service] [           main] c.e.u.security.JwtAuthenticationFilter   : Filter 'jwtAuthenticationFilter' configured for use
2026-06-25T21:52:39.863-03:00  INFO 14816 --- [usuario-service] [           main] o.s.b.t.m.w.SpringBootMockServletContext : Initializing Spring TestDispatcherServlet ''
2026-06-25T21:52:39.863-03:00  INFO 14816 --- [usuario-service] [           main] o.s.t.web.servlet.TestDispatcherServlet  : Initializing Servlet ''
2026-06-25T21:52:39.864-03:00  INFO 14816 --- [usuario-service] [           main] o.s.t.web.servlet.TestDispatcherServlet  : Completed initialization in 0 ms
2026-06-25T21:52:39.880-03:00  INFO 14816 --- [usuario-service] [           main] c.e.u.controller.UsuarioControllerTest   : Started UsuarioControllerTest in 5.83 seconds (process running for 7.002)
]]></system-out>
  </testcase>
  <testcase name="deletarUsuario_DeveRetornar204" classname="com.ecommerce.usuarios.controller.UsuarioControllerTest" time="0.021"/>
  <testcase name="listarUsuarios_ComCustomer_DeveRetornar403" classname="com.ecommerce.usuarios.controller.UsuarioControllerTest" time="0.004"/>
  <testcase name="atualizarUsuario_DeveRetornar200" classname="com.ecommerce.usuarios.controller.UsuarioControllerTest" time="0.007"/>
  <testcase name="buscarPorId_DeveRetornar200" classname="com.ecommerce.usuarios.controller.UsuarioControllerTest" time="0.006"/>
  <testcase name="listarUsuarios_DeveRetornar200" classname="com.ecommerce.usuarios.controller.UsuarioControllerTest" time="0.005"/>
</testsuite>