<?xml version="1.0" encoding="UTF-8"?>
<testsuite xmlns:xsi="http://www.w3.org/2001/XMLSchema-instance" xsi:noNamespaceSchemaLocation="https://maven.apache.org/surefire/maven-surefire-plugin/xsd/surefire-test-report-3.0.xsd" version="3.0" name="com.ecommerce.produtos.controller.ProdutoControllerTest" time="4.682" tests="8" errors="0" skipped="0" failures="0">
  <properties>
[...]
</properties>
  <testcase name="atualizarProduto_DeveRetornar200" classname="com.ecommerce.produtos.controller.ProdutoControllerTest" time="0.224">
    <system-out><![CDATA[22:26:50.582 [main] INFO org.springframework.test.context.support.AnnotationConfigContextLoaderUtils -- Could not detect default configuration classes for test class [com.ecommerce.produtos.controller.ProdutoControllerTest]: ProdutoControllerTest does not declare any static, non-private, non-final, nested classes annotated with @Configuration.
22:26:50.686 [main] INFO org.springframework.boot.test.context.SpringBootTestContextBootstrapper -- Found @SpringBootConfiguration com.ecommerce.produtos.ProductServiceApplication for test class com.ecommerce.produtos.controller.ProdutoControllerTest

  .   ____          _            __ _ _
 /\\ / ___'_ __ _ _(_)_ __  __ _ \ \ \ \
( ( )\___ | '_ | '_| | '_ \/ _` | \ \ \ \
 \\/  ___)| |_)| | | | | || (_| |  ) ) ) )
  '  |____| .__|_| |_|_| |_\__, | / / / /
 =========|_|==============|___/=/_/_/_/
 :: Spring Boot ::                (v3.2.0)

2026-06-28T22:26:51.076-03:00  INFO 6128 --- [product-service] [           main] c.e.p.controller.ProdutoControllerTest   : Starting ProdutoControllerTest using Java 17.0.12 with PID 6128 (started by User in C:\Users\User\Desktop\projeto-ecommerce\product-service)
2026-06-28T22:26:51.077-03:00  INFO 6128 --- [product-service] [           main] c.e.p.controller.ProdutoControllerTest   : The following 1 profile is active: "test"
2026-06-28T22:26:51.622-03:00  INFO 6128 --- [product-service] [           main] .s.d.r.c.RepositoryConfigurationDelegate : Bootstrapping Spring Data JPA repositories in DEFAULT mode.
2026-06-28T22:26:51.669-03:00  INFO 6128 --- [product-service] [           main] .s.d.r.c.RepositoryConfigurationDelegate : Finished Spring Data repository scanning in 40 ms. Found 1 JPA repository interface.
2026-06-28T22:26:52.801-03:00  INFO 6128 --- [product-service] [           main] o.hibernate.jpa.internal.util.LogHelper  : HHH000204: Processing PersistenceUnitInfo [name: default]
2026-06-28T22:26:52.874-03:00  INFO 6128 --- [product-service] [           main] org.hibernate.Version                    : HHH000412: Hibernate ORM core version 6.3.1.Final
2026-06-28T22:26:52.916-03:00  INFO 6128 --- [product-service] [           main] o.h.c.internal.RegionFactoryInitiator    : HHH000026: Second-level cache disabled
2026-06-28T22:26:53.041-03:00  INFO 6128 --- [product-service] [           main] o.s.o.j.p.SpringPersistenceUnitInfo      : No LoadTimeWeaver setup: ignoring JPA class transformer
2026-06-28T22:26:53.066-03:00  INFO 6128 --- [product-service] [           main] com.zaxxer.hikari.HikariDataSource       : HikariPool-1 - Starting...
2026-06-28T22:26:53.222-03:00  INFO 6128 --- [product-service] [           main] com.zaxxer.hikari.pool.HikariPool        : HikariPool-1 - Added connection org.postgresql.jdbc.PgConnection@5bf7f15f
2026-06-28T22:26:53.224-03:00  INFO 6128 --- [product-service] [           main] com.zaxxer.hikari.HikariDataSource       : HikariPool-1 - Start completed.
2026-06-28T22:26:53.257-03:00  WARN 6128 --- [product-service] [           main] org.hibernate.orm.deprecation            : HHH90000025: PostgreSQLDialect does not need to be specified explicitly using 'hibernate.dialect' (remove the property setting and it will be selected by default)
2026-06-28T22:26:53.876-03:00  INFO 6128 --- [product-service] [           main] o.h.e.t.j.p.i.JtaPlatformInitiator       : HHH000489: No JTA platform available (set 'hibernate.transaction.jta.platform' to enable JTA platform integration)
2026-06-28T22:26:53.920-03:00  INFO 6128 --- [product-service] [           main] j.LocalContainerEntityManagerFactoryBean : Initialized JPA EntityManagerFactory for persistence unit 'default'
2026-06-28T22:26:53.993-03:00  WARN 6128 --- [product-service] [           main] JpaBaseConfiguration$JpaWebConfiguration : spring.jpa.open-in-view is enabled by default. Therefore, database queries may be performed during view rendering. Explicitly configure spring.jpa.open-in-view to disable this warning
2026-06-28T22:26:54.018-03:00  WARN 6128 --- [product-service] [           main] .s.s.UserDetailsServiceAutoConfiguration : 

Using generated security password: f0973fa1-23dd-42c4-8433-19704a422081

This generated password is for development use only. Your security configuration must be updated before running your application in production.

2026-06-28T22:26:54.303-03:00  INFO 6128 --- [product-service] [           main] o.s.s.web.DefaultSecurityFilterChain     : Will secure any request with [org.springframework.security.web.session.DisableEncodeUrlFilter@3b39bee2, org.springframework.security.web.context.request.async.WebAsyncManagerIntegrationFilter@20ddc780, org.springframework.security.web.context.SecurityContextHolderFilter@be9bf2e, org.springframework.security.web.header.HeaderWriterFilter@1fd77205, org.springframework.security.web.authentication.logout.LogoutFilter@2ddb6c71, com.ecommerce.produtos.security.JwtAuthenticationFilter@10cb5047, org.springframework.security.web.savedrequest.RequestCacheAwareFilter@949f0d, org.springframework.security.web.servletapi.SecurityContextHolderAwareRequestFilter@4b3eaf39, org.springframework.security.web.authentication.AnonymousAuthenticationFilter@6889e714, org.springframework.security.web.session.SessionManagementFilter@629dfb5a, org.springframework.security.web.access.ExceptionTranslationFilter@402d76c7, org.springframework.security.web.access.intercept.AuthorizationFilter@209d0037]
2026-06-28T22:26:54.800-03:00  INFO 6128 --- [product-service] [           main] o.s.b.t.m.w.SpringBootMockServletContext : Initializing Spring TestDispatcherServlet ''
2026-06-28T22:26:54.800-03:00  INFO 6128 --- [product-service] [           main] o.s.t.web.servlet.TestDispatcherServlet  : Initializing Servlet ''
2026-06-28T22:26:54.801-03:00  INFO 6128 --- [product-service] [           main] o.s.t.web.servlet.TestDispatcherServlet  : Completed initialization in 1 ms
2026-06-28T22:26:54.814-03:00  INFO 6128 --- [product-service] [           main] c.e.p.controller.ProdutoControllerTest   : Started ProdutoControllerTest in 3.99 seconds (process running for 4.849)
🔍 Product Service - Path: , Method: PUT
🔍 Auth Header: null
❌ Token não encontrado ou inválido
]]></system-out>
  </testcase>
  <testcase name="listarProdutos_DeveRetornar200" classname="com.ecommerce.produtos.controller.ProdutoControllerTest" time="0.006">
    <system-out><![CDATA[🔍 Product Service - Path: , Method: GET
🔍 Auth Header: null
❌ Token não encontrado ou inválido
]]></system-out>
  </testcase>
  <testcase name="criarProduto_DeveRetornar201" classname="com.ecommerce.produtos.controller.ProdutoControllerTest" time="0.008">
    <system-out><![CDATA[🔍 Product Service - Path: , Method: POST
🔍 Auth Header: null
❌ Token não encontrado ou inválido
]]></system-out>
  </testcase>
  <testcase name="buscarPorCategoria_DeveRetornar200" classname="com.ecommerce.produtos.controller.ProdutoControllerTest" time="0.008">
    <system-out><![CDATA[🔍 Product Service - Path: , Method: GET
🔍 Auth Header: null
❌ Token não encontrado ou inválido
]]></system-out>
  </testcase>
  <testcase name="deletarProduto_DeveRetornar204" classname="com.ecommerce.produtos.controller.ProdutoControllerTest" time="0.007">
    <system-out><![CDATA[🔍 Product Service - Path: , Method: DELETE
🔍 Auth Header: null
❌ Token não encontrado ou inválido
]]></system-out>
  </testcase>
  <testcase name="buscarPorNome_DeveRetornar200" classname="com.ecommerce.produtos.controller.ProdutoControllerTest" time="0.004">
    <system-out><![CDATA[🔍 Product Service - Path: , Method: GET
🔍 Auth Header: null
❌ Token não encontrado ou inválido
]]></system-out>
  </testcase>
  <testcase name="criarProduto_ComCustomer_DeveRetornar403" classname="com.ecommerce.produtos.controller.ProdutoControllerTest" time="0.004">
    <system-out><![CDATA[🔍 Product Service - Path: , Method: POST
🔍 Auth Header: null
❌ Token não encontrado ou inválido
]]></system-out>
  </testcase>
  <testcase name="buscarPorId_DeveRetornar200" classname="com.ecommerce.produtos.controller.ProdutoControllerTest" time="0.005">
    <system-out><![CDATA[🔍 Product Service - Path: , Method: GET
🔍 Auth Header: null
❌ Token não encontrado ou inválido
]]></system-out>
  </testcase>
</testsuite>